Using pre-set license
Built from '2020.3/staging' branch; Version is '2020.3.17f1 (a4537701e4ab) revision 10769271'; Using compiler version '192528614'; Build Type 'Release'
OS: 'Windows 10 Pro; OS build 19044.1586; Version 2009; 64bit' Language: 'en' Physical Memory: 16316 MB
BatchMode: 1, IsHumanControllingUs: 0, StartBugReporterOnCrash: 0, Is64bit: 1, IsPro: 0

COMMAND LINE ARGUMENTS:
D:\4th year\unity\2020.3.17f1\Editor\Unity.exe
-adb2
-batchMode
-noUpm
-name
AssetImportWorker0
-projectPath
D:/4th year second/GD/GD_Assignment1_Individual-main/IT17026444
-logFile
Logs/AssetImportWorker0.log
-srvPort
27283
Successfully changed project path to: D:/4th year second/GD/GD_Assignment1_Individual-main/IT17026444
D:/4th year second/GD/GD_Assignment1_Individual-main/IT17026444
Using Asset Import Pipeline V2.
Refreshing native plugins compatible for Editor in 61.65 ms, found 2 plugins.
Preloading 0 native plugins for Editor in 0.00 ms.
Initialize engine version: 2020.3.17f1 (a4537701e4ab)
[Subsystems] Discovering subsystems at path D:/4th year/unity/2020.3.17f1/Editor/Data/Resources/UnitySubsystems
[Subsystems] Discovering subsystems at path D:/4th year second/GD/GD_Assignment1_Individual-main/IT17026444/Assets
GfxDevice: creating device client; threaded=0
Direct3D:
    Version:  Direct3D 11.0 [level 11.1]
    Renderer: NVIDIA GeForce GT 1030 (ID=0x1d01)
    Vendor:   
    VRAM:     1982 MB
    Driver:   27.21.14.5671
Initialize mono
Mono path[0] = 'D:/4th year/unity/2020.3.17f1/Editor/Data/Managed'
Mono path[1] = 'D:/4th year/unity/2020.3.17f1/Editor/Data/MonoBleedingEdge/lib/mono/unityjit'
Mono config path = 'D:/4th year/unity/2020.3.17f1/Editor/Data/MonoBleedingEdge/etc'
Using monoOptions --debugger-agent=transport=dt_socket,embedding=1,server=y,suspend=n,address=127.0.0.1:56640
Begin MonoManager ReloadAssembly
Registering precompiled unity dll's ...
Register platform support module: D:/4th year/unity/2020.3.17f1/Editor/Data/PlaybackEngines/WindowsStandaloneSupport/UnityEditor.WindowsStandalone.Extensions.dll
Registered in 0.001130 seconds.
Native extension for WindowsStandalone target not found
Refreshing native plugins compatible for Editor in 58.15 ms, found 2 plugins.
Preloading 0 native plugins for Editor in 0.00 ms.
Mono: successfully reloaded assembly
- Completed reload, in  0.995 seconds
Domain Reload Profiling:
	ReloadAssembly (996ms)
		BeginReloadAssembly (54ms)
			ExecutionOrderSort (0ms)
			DisableScriptedObjects (0ms)
			BackupInstance (0ms)
			ReleaseScriptingObjects (0ms)
			CreateAndSetChildDomain (1ms)
		EndReloadAssembly (421ms)
			LoadAssemblies (54ms)
			RebuildTransferFunctionScriptingTraits (0ms)
			SetupTypeCache (149ms)
			ReleaseScriptCaches (0ms)
			RebuildScriptCaches (30ms)
			SetupLoadedEditorAssemblies (181ms)
				LogAssemblyErrors (0ms)
				InitializePlatformSupportModulesInManaged (3ms)
				SetLoadedEditorAssemblies (0ms)
				RefreshPlugins (58ms)
				BeforeProcessingInitializeOnLoad (13ms)
				ProcessInitializeOnLoadAttributes (78ms)
				ProcessInitializeOnLoadMethodAttributes (28ms)
				AfterProcessingInitializeOnLoad (0ms)
				EditorAssembliesLoaded (0ms)
			ExecutionOrderSort2 (0ms)
			AwakeInstancesAfterBackupRestoration (0ms)
Platform modules already initialized, skipping
Registering precompiled user dll's ...
Registered in 0.003635 seconds.
Begin MonoManager ReloadAssembly
Native extension for WindowsStandalone target not found
Refreshing native plugins compatible for Editor in 0.60 ms, found 2 plugins.
Preloading 0 native plugins for Editor in 0.00 ms.
Mono: successfully reloaded assembly
- Completed reload, in  1.072 seconds
Domain Reload Profiling:
	ReloadAssembly (1072ms)
		BeginReloadAssembly (144ms)
			ExecutionOrderSort (0ms)
			DisableScriptedObjects (4ms)
			BackupInstance (0ms)
			ReleaseScriptingObjects (0ms)
			CreateAndSetChildDomain (18ms)
		EndReloadAssembly (874ms)
			LoadAssemblies (87ms)
			RebuildTransferFunctionScriptingTraits (0ms)
			SetupTypeCache (273ms)
			ReleaseScriptCaches (0ms)
			RebuildScriptCaches (51ms)
			SetupLoadedEditorAssemblies (380ms)
				LogAssemblyErrors (0ms)
				InitializePlatformSupportModulesInManaged (4ms)
				SetLoadedEditorAssemblies (0ms)
				RefreshPlugins (1ms)
				BeforeProcessingInitializeOnLoad (85ms)
				ProcessInitializeOnLoadAttributes (277ms)
				ProcessInitializeOnLoadMethodAttributes (10ms)
				AfterProcessingInitializeOnLoad (2ms)
				EditorAssembliesLoaded (0ms)
			ExecutionOrderSort2 (0ms)
			AwakeInstancesAfterBackupRestoration (6ms)
Platform modules already initialized, skipping
========================================================================
Worker process is ready to serve import requests
Launched and connected shader compiler UnityShaderCompiler.exe after 0.05 seconds
Refreshing native plugins compatible for Editor in 0.57 ms, found 2 plugins.
Preloading 0 native plugins for Editor in 0.00 ms.
Unloading 1744 Unused Serialized files (Serialized files now loaded: 0)
System memory in use before: 104.5 MB.
System memory in use after: 104.6 MB.

Unloading 22 unused Assets to reduce memory usage. Loaded Objects now: 2208.
Total: 2.874900 ms (FindLiveObjects: 0.152700 ms CreateObjectMapping: 0.061200 ms MarkObjects: 2.639300 ms  DeleteObjects: 0.020600 ms)

AssetImportParameters requested are different than current active one (requested -> active):
  custom:framework-win-MediaFoundation: 216162199b28c13a410421893ffa2e32 -> 
  custom:video-decoder-ogg-theora: a1e56fd34408186e4bbccfd4996cb3dc -> 
  custom:container-muxer-webm: aa71ff27fc2769a1b78a27578f13a17b -> 
  custom:container-demuxer-webm: 4f35f7cbe854078d1ac9338744f61a02 -> 
  custom:container-demuxer-ogg: 62fdf1f143b41e24485cea50d1cbac27 -> 
  custom:video-encoder-webm-vp8: eb34c28f22e8b96e1ab97ce403110664 -> 
  custom:video-decoder-webm-vp8: 9c59270c3fd7afecdb556c50c9e8de78 -> 
  custom:audio-decoder-ogg-vorbis: bf7c407c2cedff20999df2af8eb42d56 -> 
  custom:audio-encoder-webm-vorbis: bf7c407c2cedff20999df2af8eb42d56 -> 
========================================================================
Received Import Request.
  path: Assets/Scenes/Open_Level.unity
  artifactKey: Guid(2b33b1e733ec78c42a5091e328fd0b8f) Importer(815301076,1909f56bfc062723c751e8b465ee728b)
Start importing Assets/Scenes/Open_Level.unity using Guid(2b33b1e733ec78c42a5091e328fd0b8f) Importer(815301076,1909f56bfc062723c751e8b465ee728b)  -> (artifact id: 'fc9685b7fd6b1acc8a63db05feb27463') in 0.010188 seconds 
  Import took 0.054936 seconds .

========================================================================
Received Import Request.
  Time since last request: 997.889186 seconds.
  path: Assets/Scripts/Camera
  artifactKey: Guid(27eb34fdfc35c734aafd4a2919731489) Importer(815301076,1909f56bfc062723c751e8b465ee728b)
Start importing Assets/Scripts/Camera using Guid(27eb34fdfc35c734aafd4a2919731489) Importer(815301076,1909f56bfc062723c751e8b465ee728b)  -> (artifact id: '43b91f5d70d098247b964f880c9475cf') in 0.002105 seconds 
  Import took 0.036623 seconds .

========================================================================
Received Import Request.
  Time since last request: 1.802976 seconds.
  path: Assets/Scripts/Collectable
  artifactKey: Guid(07608de460c799745a1b8abb77e2b0a5) Importer(815301076,1909f56bfc062723c751e8b465ee728b)
Start importing Assets/Scripts/Collectable using Guid(07608de460c799745a1b8abb77e2b0a5) Importer(815301076,1909f56bfc062723c751e8b465ee728b)  -> (artifact id: 'ef31bf47d10a633e38b891579adef7d1') in 0.001605 seconds 
  Import took 0.022013 seconds .

========================================================================
Received Import Request.
  Time since last request: 3.332886 seconds.
  path: Assets/Scripts/Dialouge Manager
  artifactKey: Guid(c5ec0f942e9e23a4c993673c0a42c4f7) Importer(815301076,1909f56bfc062723c751e8b465ee728b)
Start importing Assets/Scripts/Dialouge Manager using Guid(c5ec0f942e9e23a4c993673c0a42c4f7) Importer(815301076,1909f56bfc062723c751e8b465ee728b)  -> (artifact id: '2817bdcdc9ddd76821019f6c069f4461') in 0.002416 seconds 
  Import took 0.049844 seconds .

========================================================================
Received Import Request.
  Time since last request: 7.819247 seconds.
  path: Assets/Scripts/NPC
  artifactKey: Guid(e9674c8afde3fa44db55566e46b7ba29) Importer(815301076,1909f56bfc062723c751e8b465ee728b)
Start importing Assets/Scripts/NPC using Guid(e9674c8afde3fa44db55566e46b7ba29) Importer(815301076,1909f56bfc062723c751e8b465ee728b)  -> (artifact id: '51c1095db0e687186273dca6b2c1b95b') in 0.104993 seconds 
  Import took 0.220920 seconds .

========================================================================
Received Import Request.
  Time since last request: 2.210407 seconds.
  path: Assets/Scripts/Player
  artifactKey: Guid(6077657e80865fb4abddbbff33deba7b) Importer(815301076,1909f56bfc062723c751e8b465ee728b)
Start importing Assets/Scripts/Player using Guid(6077657e80865fb4abddbbff33deba7b) Importer(815301076,1909f56bfc062723c751e8b465ee728b)  -> (artifact id: 'ced354ddf16511e2289b894d826d2e04') in 0.002368 seconds 
  Import took 0.038970 seconds .

========================================================================
Received Import Request.
  Time since last request: 2.458140 seconds.
  path: Assets/Scripts/Save Manager
  artifactKey: Guid(a5875f36197efae4482f83502efa273e) Importer(815301076,1909f56bfc062723c751e8b465ee728b)
Start importing Assets/Scripts/Save Manager using Guid(a5875f36197efae4482f83502efa273e) Importer(815301076,1909f56bfc062723c751e8b465ee728b)  -> (artifact id: 'ba9d493993b0aed0cb96150e22a35263') in 0.001675 seconds 
  Import took 0.125618 seconds .

========================================================================
Received Import Request.
  Time since last request: 4.281221 seconds.
  path: Assets/Scripts/UI
  artifactKey: Guid(bfd60bc3fd435e24484af22d80a9faee) Importer(815301076,1909f56bfc062723c751e8b465ee728b)
Start importing Assets/Scripts/UI using Guid(bfd60bc3fd435e24484af22d80a9faee) Importer(815301076,1909f56bfc062723c751e8b465ee728b)  -> (artifact id: 'ae3ea5da00ffa4adce4b967c16f75620') in 0.001907 seconds 
  Import took 0.027972 seconds .

AssetImportWorkerClient::OnTransportError - code=2 error=End of file
